<?xml version="1.0" encoding="UTF-8"?>
<!-- Generated by org.testng.reporters.JUnitReportReporter -->
<testsuite name="com.scuba.training.Calci" tests="1" time="0.011" ignored="0" failures="0" timestamp="29 Jun 2020 15:35:44 GMT" skipped="0" hostname="MDB20LT296" errors="0">
  <testcase name="methods" time="0.011" classname="com.scuba.training.Calci"/>
</testsuite> <!-- com.scuba.training.Calci -->
