<?xml version="1.0" encoding="UTF-8"?>
<!-- Generated by org.testng.reporters.JUnitReportReporter -->
<testsuite name="com.scuba.training.Calculator" tests="20" time="0.084" ignored="7" failures="0" timestamp="29 Jun 2020 16:36:55 GMT" skipped="0" hostname="MDB20LT296" errors="0">
  <testcase name="divInt" time="0.002" classname="com.scuba.training.Calculator"/>
  <testcase name="inverse" time="0.001" classname="com.scuba.training.Calculator"/>
  <testcase name="add" time="0.001" classname="com.scuba.training.Calculator"/>
  <testcase name="inverse" time="0.003" classname="com.scuba.training.Calculator"/>
  <testcase name="inverse" time="0.001" classname="com.scuba.training.Calculator"/>
  <testcase name="exp" time="0.012" classname="com.scuba.training.Calculator"/>
  <testcase name="mod" time="0.008" classname="com.scuba.training.Calculator"/>
  <testcase name="exp" time="0.012" classname="com.scuba.training.Calculator"/>
  <testcase name="mod" time="0.001" classname="com.scuba.training.Calculator"/>
  <testcase name="divReal" time="0.007" classname="com.scuba.training.Calculator"/>
  <testcase name="add" time="0.002" classname="com.scuba.training.Calculator"/>
  <testcase name="negate" time="0.001" classname="com.scuba.training.Calculator"/>
  <testcase name="divReal" time="0.002" classname="com.scuba.training.Calculator"/>
  <testcase name="mul" time="0.002" classname="com.scuba.training.Calculator"/>
  <testcase name="sub" time="0.002" classname="com.scuba.training.Calculator"/>
  <testcase name="mul" time="0.005" classname="com.scuba.training.Calculator"/>
  <testcase name="inverse" time="0.009" classname="com.scuba.training.Calculator"/>
  <testcase name="sub" time="0.002" classname="com.scuba.training.Calculator"/>
  <testcase name="divInt" time="0.002" classname="com.scuba.training.Calculator"/>
  <testcase name="negate" time="0.009" classname="com.scuba.training.Calculator"/>
  <testcase name="add" classname="com.scuba.training.Calculator">
    <skipped/>
  </testcase> <!-- add -->
  <testcase name="mod" classname="com.scuba.training.Calculator">
    <skipped/>
  </testcase> <!-- mod -->
  <testcase name="mul" classname="com.scuba.training.Calculator">
    <skipped/>
  </testcase> <!-- mul -->
  <testcase name="exp" classname="com.scuba.training.Calculator">
    <skipped/>
  </testcase> <!-- exp -->
  <testcase name="divReal" classname="com.scuba.training.Calculator">
    <skipped/>
  </testcase> <!-- divReal -->
  <testcase name="sub" classname="com.scuba.training.Calculator">
    <skipped/>
  </testcase> <!-- sub -->
  <testcase name="divInt" classname="com.scuba.training.Calculator">
    <skipped/>
  </testcase> <!-- divInt -->
</testsuite> <!-- com.scuba.training.Calculator -->
